<?xml version="1.0" encoding="UTF-8"?>
<!-- Generated by org.testng.reporters.JUnitReportReporter -->
<testsuite skipped="0" hostname="DESKTOP-0H1OGFD" name="org.adactin.AdactinHotel" tests="1" failures="0" timestamp="2023-12-14T21:36:41 IST" time="15.371" errors="0">
  <testcase name="test3" time="15.371" classname="org.adactin.AdactinHotel"/>
  <system-out/>
</testsuite> <!-- org.adactin.AdactinHotel -->
